<?xml version="1.0" encoding="UTF-8"?>
<testsuite xmlns:xsi="http://www.w3.org/2001/XMLSchema-instance" xsi:noNamespaceSchemaLocation="https://maven.apache.org/surefire/maven-surefire-plugin/xsd/surefire-test-report-3.0.xsd" version="3.0" name="com.nodrop.carsale.CarsaleApplicationTests" time="3.721" tests="1" errors="0" skipped="0" failures="0">
  <properties>
[...]
</properties>
  <testcase name="contextLoads" classname="com.nodrop.carsale.CarsaleApplicationTests" time="0.925">
    <system-out><![CDATA[10:32:11.496 [main] INFO org.springframework.test.context.support.AnnotationConfigContextLoaderUtils -- Could not detect default configuration classes for test class [com.nodrop.carsale.CarsaleApplicationTests]: CarsaleApplicationTests does not declare any static, non-private, non-final, nested classes annotated with @Configuration.
10:32:11.653 [main] INFO org.springframework.boot.test.context.SpringBootTestContextBootstrapper -- Found @SpringBootConfiguration com.nodrop.carsale.CarsaleApplication for test class com.nodrop.carsale.CarsaleApplicationTests

  .   ____          _            __ _ _
 /\\ / ___'_ __ _ _(_)_ __  __ _ \ \ \ \
( ( )\___ | '_ | '_| | '_ \/ _` | \ \ \ \
 \\/  ___)| |_)| | | | | || (_| |  ) ) ) )
  '  |____| .__|_| |_|_| |_\__, | / / / /
 =========|_|==============|___/=/_/_/_/

 :: Spring Boot ::                (v3.3.3)

2024-09-17T10:32:12.424+08:00  INFO 3132 --- [carsale] [           main] c.n.carsale.CarsaleApplicationTests      : Starting CarsaleApplicationTests using Java 17.0.10 with PID 3132 (started by 。。。。。 in D:\005.project\project\springboot-vue\carsale)
2024-09-17T10:32:12.430+08:00  INFO 3132 --- [carsale] [           main] c.n.carsale.CarsaleApplicationTests      : No active profile set, falling back to 1 default profile: "default"
2024-09-17T10:32:14.010+08:00  INFO 3132 --- [carsale] [           main] c.n.carsale.CarsaleApplicationTests      : Started CarsaleApplicationTests in 2.083 seconds (process running for 3.604)
]]></system-out>
  </testcase>
</testsuite>